2025-10-14 10:23:21,860 - INFO - Processing category: government_central
2025-10-14 10:23:21,860 - INFO - Progress: 1/131 - president.gov.tw
2025-10-14 10:23:21,996 - WARNING - Failed to resolve president.gov.tw
2025-10-14 10:23:23,002 - WARNING - Failed to resolve president.gov.tw
2025-10-14 10:23:24,006 - WARNING - Failed to resolve president.gov.tw
2025-10-14 10:23:25,011 - INFO - Progress: 2/131 - ey.gov.tw
2025-10-14 10:23:25,113 - WARNING - Failed to resolve ey.gov.tw
2025-10-14 10:23:26,118 - WARNING - Failed to resolve ey.gov.tw
2025-10-14 10:23:27,121 - WARNING - Failed to resolve ey.gov.tw
2025-10-14 10:23:28,124 - INFO - Progress: 3/131 - mofa.gov.tw
2025-10-14 10:23:28,683 - WARNING - Failed to resolve mofa.gov.tw
2025-10-14 10:23:29,687 - WARNING - Failed to resolve mofa.gov.tw
2025-10-14 10:23:30,688 - WARNING - Failed to resolve mofa.gov.tw
2025-10-14 10:23:31,693 - INFO - Progress: 4/131 - moi.gov.tw
2025-10-14 10:23:32,702 - WARNING - Failed to resolve moi.gov.tw
2025-10-14 10:23:33,705 - WARNING - Failed to resolve moi.gov.tw
2025-10-14 10:23:34,709 - WARNING - Failed to resolve moi.gov.tw
2025-10-14 10:23:35,713 - INFO - Progress: 5/131 - mof.gov.tw
2025-10-14 10:23:35,799 - WARNING - Failed to resolve mof.gov.tw
2025-10-14 10:23:36,803 - WARNING - Failed to resolve mof.gov.tw
2025-10-14 10:23:37,806 - WARNING - Failed to resolve mof.gov.tw
2025-10-14 10:23:38,808 - INFO - Progress: 6/131 - moj.gov.tw
2025-10-14 10:23:38,821 - WARNING - Failed to resolve moj.gov.tw
2025-10-14 10:23:39,826 - WARNING - Failed to resolve moj.gov.tw
2025-10-14 10:23:40,830 - WARNING - Failed to resolve moj.gov.tw
2025-10-14 10:23:41,832 - INFO - Progress: 7/131 - mnd.gov.tw
2025-10-14 10:23:42,671 - WARNING - Failed to resolve mnd.gov.tw
2025-10-14 10:23:43,678 - WARNING - Failed to resolve mnd.gov.tw
2025-10-14 10:23:44,683 - WARNING - Failed to resolve mnd.gov.tw
2025-10-14 10:23:45,683 - INFO - Progress: 8/131 - moea.gov.tw
2025-10-14 10:23:45,724 - WARNING - Failed to resolve moea.gov.tw
2025-10-14 10:23:46,728 - WARNING - Failed to resolve moea.gov.tw
2025-10-14 10:23:47,734 - WARNING - Failed to resolve moea.gov.tw
2025-10-14 10:23:48,739 - INFO - Progress: 9/131 - motc.gov.tw
2025-10-14 10:23:49,211 - INFO - Resolved motc.gov.tw -> 210.69.99.1
2025-10-14 10:23:49,211 - INFO - Running: traceroute -n -w 3 -q 3 -m 30 -I 210.69.99.1
2025-10-14 10:24:11,459 - INFO - Resolved motc.gov.tw -> 210.69.99.1
2025-10-14 10:24:11,461 - INFO - Running: traceroute -n -w 3 -q 3 -m 30 -T -p 80 210.69.99.1
2025-10-14 10:24:12,484 - INFO - Resolved motc.gov.tw -> 210.69.99.1
2025-10-14 10:24:12,484 - INFO - Running: traceroute -n -w 3 -q 3 -m 30 -T -p 443 210.69.99.1
2025-10-14 10:24:13,500 - INFO - Progress: 10/131 - moe.gov.tw
2025-10-14 10:24:13,568 - WARNING - Failed to resolve moe.gov.tw
2025-10-14 10:24:14,571 - WARNING - Failed to resolve moe.gov.tw
2025-10-14 10:24:15,576 - WARNING - Failed to resolve moe.gov.tw
2025-10-14 10:24:16,580 - INFO - Progress: 11/131 - mohw.gov.tw
2025-10-14 10:24:16,672 - INFO - Resolved mohw.gov.tw -> 203.65.99.200
2025-10-14 10:24:16,672 - INFO - Running: traceroute -n -w 3 -q 3 -m 30 -I 203.65.99.200
2025-10-14 10:25:11,990 - INFO - Resolved mohw.gov.tw -> 203.65.99.200
2025-10-14 10:25:11,992 - INFO - Running: traceroute -n -w 3 -q 3 -m 30 -T -p 80 203.65.99.200
2025-10-14 10:25:13,022 - INFO - Resolved mohw.gov.tw -> 203.65.99.200
2025-10-14 10:25:13,022 - INFO - Running: traceroute -n -w 3 -q 3 -m 30 -T -p 443 203.65.99.200
2025-10-14 10:25:14,038 - INFO - Progress: 12/131 - ncc.gov.tw
2025-10-14 10:25:14,118 - WARNING - Failed to resolve ncc.gov.tw
2025-10-14 10:25:15,121 - WARNING - Failed to resolve ncc.gov.tw
2025-10-14 10:25:16,125 - WARNING - Failed to resolve ncc.gov.tw
2025-10-14 10:25:17,131 - INFO - Processing category: government_local
2025-10-14 10:25:17,131 - INFO - Progress: 13/131 - gov.taipei
2025-10-14 10:25:17,190 - WARNING - Failed to resolve gov.taipei
2025-10-14 10:25:18,192 - WARNING - Failed to resolve gov.taipei
2025-10-14 10:25:19,199 - WARNING - Failed to resolve gov.taipei
2025-10-14 10:25:20,245 - INFO - Progress: 14/131 - kcg.gov.tw
2025-10-14 10:25:20,637 - WARNING - Failed to resolve kcg.gov.tw
2025-10-14 10:25:21,649 - WARNING - Failed to resolve kcg.gov.tw
2025-10-14 10:25:22,654 - WARNING - Failed to resolve kcg.gov.tw
2025-10-14 10:25:23,656 - INFO - Progress: 15/131 - taichung.gov.tw
2025-10-14 10:25:23,755 - WARNING - Failed to resolve taichung.gov.tw
2025-10-14 10:25:24,757 - WARNING - Failed to resolve taichung.gov.tw
2025-10-14 10:25:25,759 - WARNING - Failed to resolve taichung.gov.tw
2025-10-14 10:25:26,761 - INFO - Progress: 16/131 - tainan.gov.tw
2025-10-14 10:25:26,840 - WARNING - Failed to resolve tainan.gov.tw
2025-10-14 10:25:27,843 - WARNING - Failed to resolve tainan.gov.tw
2025-10-14 10:25:28,847 - WARNING - Failed to resolve tainan.gov.tw
2025-10-14 10:25:29,847 - INFO - Progress: 17/131 - ntpc.gov.tw
2025-10-14 10:25:29,969 - WARNING - Failed to resolve ntpc.gov.tw
2025-10-14 10:25:30,971 - WARNING - Failed to resolve ntpc.gov.tw
2025-10-14 10:25:31,977 - WARNING - Failed to resolve ntpc.gov.tw
2025-10-14 10:25:32,979 - INFO - Progress: 18/131 - taoyuan.gov.tw
2025-10-14 10:25:33,104 - WARNING - Failed to resolve taoyuan.gov.tw
2025-10-14 10:25:34,106 - WARNING - Failed to resolve taoyuan.gov.tw
2025-10-14 10:25:35,107 - WARNING - Failed to resolve taoyuan.gov.tw
2025-10-14 10:25:36,165 - INFO - Progress: 19/131 - hccg.gov.tw
2025-10-14 10:25:36,318 - WARNING - Failed to resolve hccg.gov.tw
2025-10-14 10:25:37,319 - WARNING - Failed to resolve hccg.gov.tw
